proguard-project.txt
# To enable ProGuard in your project, edit project.properties
# to define the proguard.config property as described in that file.
#
# Add project specific ProGuard rules here.
# By default, the flags in this file are appended to flags specified
# in ${sdk.dir}/tools/proguard/proguard-android.txt
# You can edit the include path and order by changing the ProGuard
# include property in project.properties.
#
# For more details, see
#   http://developer.android.com/guide/developing/tools/proguard.html

# Add any project specific keep options here:

# If your project uses WebView with JS, uncomment the following
# and specify the fully qualified class name to the JavaScript interface
# class:
#-keepclassmembers class fqcn.of.javascript.interface.for.webview {
#   public *;
#}

-keep class android.** {*; }
-keep public class * extends android.view  
-keep public class * extends android.app.Activity                             
-keep public class * extends android.app.Application                            
-keep public class * extends android.app.Service 
-keep public class * extends android.content.pm                                
-keep public class * extends android.content.BroadcastReceiver                
-keep public class * extends android.content.ContentProvider                  
-keep public class * extends android.app.backup.BackupAgentHelper              
-keep public class * extends android.preference.Preference                   
-keep public class com.android.vending.licensing.ILicensingService  

-dontwarn org.xmlpull.v1.XmlPullParser  
-dontwarn org.xmlpull.v1.XmlSerializer

-libraryjars libs/BaiduLBS_Android.jar
-keep class com.baidu.** { *; } 
-keep class vi.com.gdi.bgl.android.**{*;} 