proguard/seeds.txt
android.support.v4.view.ViewPager$MyAccessibilityDelegate
android.support.v4.view.ViewPager$MyAccessibilityDelegate: android.support.v4.view.ViewPager this$0
android.support.v4.view.ViewPager$MyAccessibilityDelegate: ViewPager$MyAccessibilityDelegate(android.support.v4.view.ViewPager)
android.support.v4.view.ViewPager$MyAccessibilityDelegate: void onInitializeAccessibilityEvent(android.view.View,android.view.accessibility.AccessibilityEvent)
android.support.v4.view.ViewPager$MyAccessibilityDelegate: void onInitializeAccessibilityNodeInfo(android.view.View,android.support.v4.view.accessibility.AccessibilityNodeInfoCompat)
android.support.v4.view.ViewPager$MyAccessibilityDelegate: boolean performAccessibilityAction(android.view.View,int,android.os.Bundle)
android.support.v4.view.ViewPager$MyAccessibilityDelegate: boolean canScroll()
android.support.v4.view.ViewPager$OnAdapterChangeListener
android.support.v4.view.ViewPager$OnAdapterChangeListener: void onAdapterChanged(android.support.v4.view.PagerAdapter,android.support.v4.view.PagerAdapter)
android.support.v4.view.ViewPager$OnPageChangeListener
android.support.v4.view.ViewPager$OnPageChangeListener: void onPageScrolled(int,float,int)
android.support.v4.view.ViewPager$OnPageChangeListener: void onPageSelected(int)
android.support.v4.view.ViewPager$OnPageChangeListener: void onPageScrollStateChanged(int)
android.support.v4.view.ViewPager$PageTransformer
android.support.v4.view.ViewPager$PageTransformer: void transformPage(android.view.View,float)
android.support.v4.view.ViewPager$PagerObserver
android.support.v4.view.ViewPager$PagerObserver: android.support.v4.view.ViewPager this$0
android.support.v4.view.ViewPager$PagerObserver: ViewPager$PagerObserver(android.support.v4.view.ViewPager)
android.support.v4.view.ViewPager$PagerObserver: void onChanged()
android.support.v4.view.ViewPager$PagerObserver: void onInvalidated()
android.support.v4.view.ViewPager$PagerObserver: ViewPager$PagerObserver(android.support.v4.view.ViewPager,android.support.v4.view.ViewPager$1)
android.support.v4.view.ViewPager$SavedState
android.support.v4.view.ViewPager$SavedState: int position
android.support.v4.view.ViewPager$SavedState: android.os.Parcelable adapterState
android.support.v4.view.ViewPager$SavedState: java.lang.ClassLoader loader
android.support.v4.view.ViewPager$SavedState: android.os.Parcelable$Creator CREATOR
android.support.v4.view.ViewPager$SavedState: ViewPager$SavedState(android.os.Parcelable)
android.support.v4.view.ViewPager$SavedState: void writeToParcel(android.os.Parcel,int)
android.support.v4.view.ViewPager$SavedState: java.lang.String toString()
android.support.v4.view.ViewPager$SavedState: ViewPager$SavedState(android.os.Parcel,java.lang.ClassLoader)
android.support.v4.view.ViewPager$SavedState: void <clinit>()
android.support.v4.view.ViewPager$SavedState$1
android.support.v4.view.ViewPager$SavedState$1: ViewPager$SavedState$1()
android.support.v4.view.ViewPager$SavedState$1: android.support.v4.view.ViewPager$SavedState createFromParcel(android.os.Parcel,java.lang.ClassLoader)
android.support.v4.view.ViewPager$SavedState$1: android.support.v4.view.ViewPager$SavedState[] newArray(int)
android.support.v4.view.ViewPager$SavedState$1: java.lang.Object[] newArray(int)
android.support.v4.view.ViewPager$SavedState$1: java.lang.Object createFromParcel(android.os.Parcel,java.lang.ClassLoader)
android.support.v4.view.ViewPager$SimpleOnPageChangeListener
android.support.v4.view.ViewPager$SimpleOnPageChangeListener: ViewPager$SimpleOnPageChangeListener()
android.support.v4.view.ViewPager$SimpleOnPageChangeListener: void onPageScrolled(int,float,int)
android.support.v4.view.ViewPager$SimpleOnPageChangeListener: void onPageSelected(int)
android.support.v4.view.ViewPager$SimpleOnPageChangeListener: void onPageScrollStateChanged(int)