proguard/mapping.txt
android.support.v4.view.ViewGroupCompat$ViewGroupCompatImpl -> android.support.v4.view.ViewGroupCompat$ViewGroupCompatImpl:
    boolean onRequestSendAccessibilityEvent(android.view.ViewGroup,android.view.View,android.view.accessibility.AccessibilityEvent) -> onRequestSendAccessibilityEvent
    void setMotionEventSplittingEnabled(android.view.ViewGroup,boolean) -> setMotionEventSplittingEnabled
    int getLayoutMode(android.view.ViewGroup) -> getLayoutMode
    void setLayoutMode(android.view.ViewGroup,int) -> setLayoutMode
android.support.v4.view.ViewGroupCompat$ViewGroupCompatJellybeanMR2Impl -> android.support.v4.view.ViewGroupCompat$ViewGroupCompatJellybeanMR2Impl:
    int getLayoutMode(android.view.ViewGroup) -> getLayoutMode
    void setLayoutMode(android.view.ViewGroup,int) -> setLayoutMode
android.support.v4.view.ViewGroupCompat$ViewGroupCompatStubImpl -> android.support.v4.view.ViewGroupCompat$ViewGroupCompatStubImpl:
    boolean onRequestSendAccessibilityEvent(android.view.ViewGroup,android.view.View,android.view.accessibility.AccessibilityEvent) -> onRequestSendAccessibilityEvent
    void setMotionEventSplittingEnabled(android.view.ViewGroup,boolean) -> setMotionEventSplittingEnabled
    int getLayoutMode(android.view.ViewGroup) -> getLayoutMode
    void setLayoutMode(android.view.ViewGroup,int) -> setLayoutMode
android.support.v4.view.ViewGroupCompatHC -> android.support.v4.view.ViewGroupCompatHC:
    void setMotionEventSplittingEnabled(android.view.ViewGroup,boolean) -> setMotionEventSplittingEnabled
android.support.v4.view.ViewGroupCompatIcs -> android.support.v4.view.ViewGroupCompatIcs:
    boolean onRequestSendAccessibilityEvent(android.view.ViewGroup,android.view.View,android.view.accessibility.AccessibilityEvent) -> onRequestSendAccessibilityEvent
android.support.v4.view.ViewGroupCompatJellybeanMR2 -> android.support.v4.view.ViewGroupCompatJellybeanMR2:
    int getLayoutMode(android.view.ViewGroup) -> getLayoutMode
    void setLayoutMode(android.view.ViewGroup,int) -> setLayoutMode
android.support.v4.view.ViewPager -> android.support.v4.view.ViewPager:
    java.lang.String TAG -> TAG
    boolean DEBUG -> DEBUG
    boolean USE_CACHE -> USE_CACHE
    int DEFAULT_OFFSCREEN_PAGES -> DEFAULT_OFFSCREEN_PAGES
    int MAX_SETTLE_DURATION -> MAX_SETTLE_DURATION
    int MIN_DISTANCE_FOR_FLING -> MIN_DISTANCE_FOR_FLING
    int DEFAULT_GUTTER_SIZE -> DEFAULT_GUTTER_SIZE
    int MIN_FLING_VELOCITY -> MIN_FLING_VELOCITY
    int[] LAYOUT_ATTRS -> LAYOUT_ATTRS
    int mExpectedAdapterCount -> mExpectedAdapterCount
    java.util.Comparator COMPARATOR -> COMPARATOR
    android.view.animation.Interpolator sInterpolator -> sInterpolator
    java.util.ArrayList mItems -> mItems
    android.support.v4.view.ViewPager$ItemInfo mTempItem -> mTempItem
    android.graphics.Rect mTempRect -> mTempRect
    android.support.v4.view.PagerAdapter mAdapter -> mAdapter
    int mCurItem -> mCurItem
    int mRestoredCurItem -> mRestoredCurItem
    android.os.Parcelable mRestoredAdapterState -> mRestoredAdapterState
    java.lang.ClassLoader mRestoredClassLoader -> mRestoredClassLoader
    android.widget.Scroller mScroller -> mScroller
    android.support.v4.view.ViewPager$PagerObserver mObserver -> mObserver
    int mPageMargin -> mPageMargin
    android.graphics.drawable.Drawable mMarginDrawable -> mMarginDrawable
    int mTopPageBounds -> mTopPageBounds
    int mBottomPageBounds -> mBottomPageBounds
    float mFirstOffset -> mFirstOffset
    float mLastOffset -> mLastOffset
android.support.v4.view.ViewPager$1 -> android.support.v4.view.ViewPager$1:
    int compare(android.support.v4.view.ViewPager$ItemInfo,android.support.v4.view.ViewPager$ItemInfo) -> compare
    int compare(java.lang.Object,java.lang.Object) -> compare
android.support.v4.view.ViewPager$2 -> android.support.v4.view.ViewPager$2:
    float getInterpolation(float) -> getInterpolation