proguard/usage.txt
com.accumulationfund.guide.MyViewPager:
    private static final float SCALE_MAX
    private static final java.lang.String TAG
com.accumulationfund.guide.WelcomeActivity:
    java.util.Timer timer
com.accumulationfund.main.animation.CircleImageView
com.accumulationfund.main.animation.Constant:
    6:6:public Constant()
com.accumulationfund.main.animation.ViewUtils:
    15:15:public ViewUtils()
    31:31:public static int getScreenHeight()
    42:45:public static int getPixels(int,android.content.Context)
    55:63:public static android.graphics.Bitmap loadBitmapFromView(android.view.View)
    75:85:public static int computeSampleSize(android.graphics.BitmapFactory$Options,int,int)
    97:110:private static int computeInitialSampleSize(android.graphics.BitmapFactory$Options,int,int)
    115:117:public static int getStatusBarHeight(android.app.Activity)
com.accumulationfund.main.lunbo.CircleFlowIndicator:
    private static final int STYLE_STROKE
    private static final int STYLE_FILL
com.accumulationfund.main.lunbo.ViewFlow:
    private static final int SNAP_VELOCITY
    private static final int INVALID_SCREEN
    private static final int TOUCH_STATE_REST
    private static final int TOUCH_STATE_SCROLLING
    120:123:public void stopAutoFlowTimer()
com.accumulationfund.main.update.UpdateManager:
    public static final java.lang.String BaoName
    public static final java.lang.String ApkURL
    private static final int DOWNLOAD
    private static final int DOWNLOAD_FINISH
com.accumulationfund.orientationlistener.MyOrientationListener:
    private android.hardware.SensorManager mSensorManager
    private android.hardware.Sensor mSensor
    23:36:public void start()
    39:40:public void stop()
com.accumulationfund.otheractivity.MainActivity_AboutUS:
    private android.os.Message msg
    244:247:private void handMessage(int)
    257:264:private java.lang.String splitPhoneNum(java.lang.String)
com.accumulationfund.otheractivity.MainActivity_logo1:
    public static final int THE_PAGE
    public static final int THE_PAGESIZE
    public static final int TITLE_COUNT
    public static final java.lang.String TAG1
    287:290:private void handMessage(int)
com.accumulationfund.otheractivity.MainActivity_logo11_result:
    private android.os.Message msg
    87:90:private void handMessage(int)
com.accumulationfund.otheractivity.MainActivity_logo12$MyTask1
com.accumulationfund.otheractivity.MainActivity_logo1Detail:
    public static final int THE_PAGE
    public static final java.lang.String TAG1
    private android.os.Message msg
    90:93:private void handMessage(int)
com.accumulationfund.otheractivity.MainActivity_logo2:
    279:282:private void handMessage(int)
com.accumulationfund.otheractivity.MainActivity_logo3:
    public static final int THE_PAGE
    public static final java.lang.String TAG1
    257:260:private void handMessage(int)
com.accumulationfund.otheractivity.MainActivity_logo4:
    private android.os.Message msg
    197:200:private void handMessage(int)
com.accumulationfund.otheractivity.MainActivity_logo5:
    292:295:private void handMessage(int)
com.accumulationfund.otheractivity.MainActivity_logo6:
    public static final int THE_PAGE
    public static final int THE_PAGESIZE
    public static final int TITLE_COUNT
    public static final java.lang.String TAG1
    300:303:private void handMessage(int)
com.accumulationfund.otheractivity.MainActivity_logo8:
    public static final int THE_PAGE
    public static final java.lang.String TAG1
    private android.os.Message msg
    121:124:private void handMessage(int)
com.accumulationfund.otheractivity.MainActivity_logo8_location:
    private android.os.Message msg
    private java.lang.String latitude
    private java.lang.String longitude
    private java.lang.String Accumulationfundlat
    private java.lang.String Accumulationfundlon
    433:436:private void handMessage(int)